TN:
SF:/Users/fred/www/toy-robot/index.test.js
FN:16,(anonymous_0)
FN:20,(anonymous_1)
FN:21,(anonymous_2)
FN:26,(anonymous_3)
FN:35,(anonymous_4)
FN:41,(anonymous_5)
FN:42,(anonymous_6)
FN:46,(anonymous_7)
FN:48,(anonymous_8)
FN:53,(anonymous_9)
FN:64,(anonymous_10)
FNF:11
FNH:10
FNDA:0,(anonymous_0)
FNDA:1,(anonymous_1)
FNDA:3,(anonymous_2)
FNDA:38,(anonymous_3)
FNDA:3,(anonymous_4)
FNDA:1,(anonymous_5)
FNDA:3,(anonymous_6)
FNDA:3,(anonymous_7)
FNDA:3,(anonymous_8)
FNDA:38,(anonymous_9)
FNDA:3,(anonymous_10)
DA:1,1
DA:2,1
DA:3,1
DA:9,1
DA:10,1
DA:11,1
DA:16,1
DA:17,0
DA:20,1
DA:21,1
DA:22,3
DA:25,3
DA:26,3
DA:27,38
DA:28,3
DA:35,3
DA:36,3
DA:41,1
DA:42,1
DA:43,3
DA:46,3
DA:47,3
DA:48,1
DA:49,3
DA:52,3
DA:53,3
DA:54,38
DA:55,3
DA:64,3
DA:65,3
DA:66,1
LF:31
LH:30
BRDA:16,0,0,0
BRDA:17,1,0,0
BRDA:17,1,1,0
BRDA:27,2,0,3
BRDA:27,2,1,35
BRDA:36,3,0,3
BRDA:36,3,1,1
BRDA:47,4,0,1
BRDA:47,4,1,2
BRDA:54,5,0,3
BRDA:54,5,1,35
BRDA:65,6,0,1
BRDA:65,6,1,2
BRF:13
BRH:10
end_of_record
TN:
SF:/Users/fred/www/toy-robot/robot.js
FN:55,(anonymous_0)
FN:65,(anonymous_1)
FN:74,(anonymous_2)
FN:118,(anonymous_3)
FNF:4
FNH:4
FNDA:2,(anonymous_0)
FNDA:5,(anonymous_1)
FNDA:3,(anonymous_2)
FNDA:8,(anonymous_3)
DA:1,1
DA:2,1
DA:3,1
DA:4,1
DA:5,1
DA:56,2
DA:57,2
DA:66,5
DA:75,3
DA:128,8
DA:129,8
DA:130,0
DA:131,0
DA:133,8
DA:134,8
DA:135,8
DA:136,8
DA:139,8
DA:141,1
DA:146,1
DA:147,1
DA:148,1
DA:149,1
DA:156,1
DA:168,0
DA:169,0
DA:173,2
DA:174,2
DA:179,1
DA:180,1
DA:182,2
DA:187,0
DA:188,0
DA:200,2
DA:201,0
DA:206,1
DA:209,1
DA:211,1
DA:212,0
DA:217,1
DA:220,1
DA:222,1
DA:223,0
DA:227,3
DA:228,0
DA:232,0
DA:236,1
DA:237,1
LF:48
LH:37
BRDA:66,0,0,5
BRDA:66,0,1,5
BRDA:66,0,2,5
BRDA:66,0,3,4
BRDA:129,1,0,0
BRDA:129,1,1,8
BRDA:139,2,0,1
BRDA:139,2,1,2
BRDA:139,2,2,1
BRDA:139,2,3,1
BRDA:139,2,4,3
BRDA:139,2,5,0
BRDA:147,3,0,1
BRDA:147,3,1,0
BRDA:147,4,0,1
BRDA:147,4,1,1
BRDA:174,5,0,1
BRDA:174,5,1,1
BRDA:175,6,0,2
BRDA:175,6,1,0
BRDA:175,6,2,2
BRDA:182,7,0,0
BRDA:182,7,1,2
BRDA:183,8,0,2
BRDA:183,8,1,2
BRDA:183,8,2,0
BRDA:207,9,0,0
BRDA:207,9,1,1
BRDA:209,10,0,1
BRDA:209,10,1,0
BRDA:218,11,0,0
BRDA:218,11,1,1
BRDA:220,12,0,1
BRDA:220,12,1,0
BRF:34
BRH:24
end_of_record
TN:
SF:/Users/fred/www/toy-robot/robot.test.js
FN:9,(anonymous_0)
FNF:1
FNH:1
FNDA:1,(anonymous_0)
DA:1,1
DA:2,1
DA:8,1
DA:9,1
DA:10,1
DA:11,1
DA:12,1
DA:13,1
DA:18,1
DA:19,1
DA:20,1
DA:21,1
DA:22,1
DA:27,1
DA:32,1
DA:33,1
DA:38,1
DA:39,1
DA:44,1
DA:45,1
DA:50,1
DA:51,1
DA:56,1
LF:23
LH:23
BRF:0
BRH:0
end_of_record
