TN:
SF:/Users/fred/www/flatten-monorepo/lib/filterObjectByKey.js
FN:7,(anonymous_0)
FN:10,(anonymous_1)
FN:14,(anonymous_2)
FN:16,(anonymous_3)
FN:20,(anonymous_4)
FNF:5
FNH:5
FNDA:13,(anonymous_0)
FNDA:14,(anonymous_1)
FNDA:18,(anonymous_2)
FNDA:5,(anonymous_3)
FNDA:11,(anonymous_4)
DA:7,1
DA:10,14
DA:12,13
DA:15,18
DA:16,5
DA:20,11
LF:6
LH:6
BRDA:8,0,0,0
BRDA:9,1,0,2
BRDA:10,2,0,10
BRDA:10,3,0,14
BRDA:10,3,1,13
BRDA:15,4,0,4
BRDA:15,4,1,14
BRF:7
BRH:6
end_of_record
TN:
SF:/Users/fred/www/flatten-monorepo/lib/filterObjectByKey.test.js
FN:4,(anonymous_0)
FN:24,(anonymous_1)
FNF:2
FNH:2
FNDA:1,(anonymous_0)
FNDA:3,(anonymous_1)
DA:2,1
DA:4,1
DA:5,1
DA:6,1
DA:7,1
DA:8,1
DA:14,1
DA:23,1
DA:24,3
DA:32,1
LF:10
LH:10
BRF:0
BRH:0
end_of_record
TN:
SF:/Users/fred/www/flatten-monorepo/lib/filterObjectPropsByKey.js
FN:11,(anonymous_0)
FN:14,(anonymous_1)
FN:16,(anonymous_2)
FNF:3
FNH:3
FNDA:17,(anonymous_0)
FNDA:15,(anonymous_1)
FNDA:9,(anonymous_2)
DA:1,1
DA:11,17
DA:14,15
DA:16,9
LF:4
LH:4
BRDA:11,0,0,7
BRDA:13,1,0,14
BRDA:13,1,1,3
BRDA:18,2,0,9
BRDA:18,2,1,0
BRF:5
BRH:4
end_of_record
TN:
SF:/Users/fred/www/flatten-monorepo/lib/filterObjectPropsByKey.test.js
FN:4,(anonymous_0)
FN:53,(anonymous_1)
FNF:2
FNH:2
FNDA:1,(anonymous_0)
FNDA:2,(anonymous_1)
DA:2,1
DA:4,1
DA:5,1
DA:6,1
DA:11,1
DA:12,1
DA:13,1
DA:14,1
DA:20,1
DA:26,1
DA:32,1
DA:42,1
DA:52,1
DA:53,2
DA:57,1
LF:15
LH:15
BRF:0
BRH:0
end_of_record
TN:
SF:/Users/fred/www/flatten-monorepo/lib/flattenPackages.js
FN:6,(anonymous_0)
FN:9,(anonymous_1)
FN:13,(anonymous_2)
FNF:3
FNH:3
FNDA:4,(anonymous_0)
FNDA:8,(anonymous_1)
FNDA:4,(anonymous_2)
DA:1,1
DA:2,1
DA:6,1
DA:7,4
DA:9,8
DA:13,4
LF:6
LH:6
BRDA:6,0,0,0
BRDA:6,1,0,0
BRDA:6,2,0,0
BRDA:6,3,0,3
BRF:4
BRH:1
end_of_record
TN:
SF:/Users/fred/www/flatten-monorepo/lib/flattenPackages.test.js
FN:4,(anonymous_0)
FNF:1
FNH:1
FNDA:1,(anonymous_0)
DA:2,1
DA:4,1
DA:5,1
DA:6,1
DA:10,1
DA:13,1
DA:21,1
DA:27,1
DA:33,1
DA:41,1
DA:53,1
DA:68,1
LF:12
LH:12
BRF:0
BRH:0
end_of_record
TN:
SF:/Users/fred/www/flatten-monorepo/lib/pickMerge.js
FN:1,(anonymous_0)
FN:9,(anonymous_1)
FN:10,(anonymous_2)
FN:14,(anonymous_3)
FN:14,(anonymous_4)
FN:16,(anonymous_5)
FN:19,(anonymous_6)
FNF:7
FNH:7
FNDA:13,(anonymous_0)
FNDA:10,(anonymous_1)
FNDA:16,(anonymous_2)
FNDA:12,(anonymous_3)
FNDA:16,(anonymous_4)
FNDA:7,(anonymous_5)
FNDA:13,(anonymous_6)
DA:1,1
DA:2,13
DA:3,0
DA:4,0
DA:6,13
DA:9,1
DA:10,16
DA:11,10
DA:14,16
DA:16,7
DA:19,13
LF:11
LH:9
BRDA:2,0,0,0
BRDA:2,0,1,13
BRDA:2,1,0,13
BRDA:2,1,1,9
BRDA:9,2,0,3
BRDA:12,3,0,4
BRDA:12,3,1,6
BRF:7
BRH:6
end_of_record
TN:
SF:/Users/fred/www/flatten-monorepo/lib/pickMerge.test.js
FN:4,(anonymous_0)
FNF:1
FNH:1
FNDA:1,(anonymous_0)
DA:2,1
DA:4,1
DA:5,1
DA:7,1
DA:9,1
DA:11,1
DA:13,1
DA:19,1
DA:27,1
DA:33,1
LF:10
LH:10
BRF:0
BRH:0
end_of_record
